<?xml version="1.0" encoding="UTF-8"?>
<testsuite name="com.dooho.board.BoardApplicationTests" tests="1" skipped="0" failures="0" errors="0" timestamp="2023-11-20T02:38:52" hostname="oduhoui-MacBookAir.local" time="0.295">
  <properties/>
  <testcase name="contextLoads()" classname="com.dooho.board.BoardApplicationTests" time="0.295"/>
  <system-out><![CDATA[11:38:50.507 [Test worker] INFO org.springframework.test.context.support.AnnotationConfigContextLoaderUtils -- Could not detect default configuration classes for test class [com.dooho.board.BoardApplicationTests]: BoardApplicationTests does not declare any static, non-private, non-final, nested classes annotated with @Configuration.
11:38:50.559 [Test worker] INFO org.springframework.boot.test.context.SpringBootTestContextBootstrapper -- Found @SpringBootConfiguration com.dooho.board.BoardApplication for test class com.dooho.board.BoardApplicationTests

  .   ____          _            __ _ _
 /\\ / ___'_ __ _ _(_)_ __  __ _ \ \ \ \
( ( )\___ | '_ | '_| | '_ \/ _` | \ \ \ \
 \\/  ___)| |_)| | | | | || (_| |  ) ) ) )
  '  |____| .__|_| |_|_| |_\__, | / / / /
 =========|_|==============|___/=/_/_/_/
 :: Spring Boot ::                (v3.1.1)

2023-11-20T11:38:50.706+09:00  INFO 17678 --- [    Test worker] com.dooho.board.BoardApplicationTests    : Starting BoardApplicationTests using Java 17.0.5 with PID 17678 (started by oduho in /Users/oduho/Desktop/spring/board_dsl)
2023-11-20T11:38:50.707+09:00  INFO 17678 --- [    Test worker] com.dooho.board.BoardApplicationTests    : No active profile set, falling back to 1 default profile: "default"
2023-11-20T11:38:50.991+09:00  INFO 17678 --- [    Test worker] .s.d.r.c.RepositoryConfigurationDelegate : Bootstrapping Spring Data JPA repositories in DEFAULT mode.
2023-11-20T11:38:51.021+09:00  INFO 17678 --- [    Test worker] .s.d.r.c.RepositoryConfigurationDelegate : Finished Spring Data repository scanning in 27 ms. Found 5 JPA repository interfaces.
2023-11-20T11:38:51.212+09:00  INFO 17678 --- [    Test worker] com.zaxxer.hikari.HikariDataSource       : HikariPool-1 - Starting...
2023-11-20T11:38:51.418+09:00  INFO 17678 --- [    Test worker] com.zaxxer.hikari.pool.HikariPool        : HikariPool-1 - Added connection org.mariadb.jdbc.Connection@ab2e6d2
2023-11-20T11:38:51.419+09:00  INFO 17678 --- [    Test worker] com.zaxxer.hikari.HikariDataSource       : HikariPool-1 - Start completed.
2023-11-20T11:38:51.439+09:00  INFO 17678 --- [    Test worker] o.hibernate.jpa.internal.util.LogHelper  : HHH000204: Processing PersistenceUnitInfo [name: default]
2023-11-20T11:38:51.460+09:00  INFO 17678 --- [    Test worker] org.hibernate.Version                    : HHH000412: Hibernate ORM core version 6.2.5.Final
2023-11-20T11:38:51.461+09:00  INFO 17678 --- [    Test worker] org.hibernate.cfg.Environment            : HHH000406: Using bytecode reflection optimizer
2023-11-20T11:38:51.523+09:00  INFO 17678 --- [    Test worker] o.h.b.i.BytecodeProviderInitiator        : HHH000021: Bytecode provider name : bytebuddy
2023-11-20T11:38:51.577+09:00  INFO 17678 --- [    Test worker] o.s.o.j.p.SpringPersistenceUnitInfo      : No LoadTimeWeaver setup: ignoring JPA class transformer
2023-11-20T11:38:51.702+09:00  INFO 17678 --- [    Test worker] o.h.b.i.BytecodeProviderInitiator        : HHH000021: Bytecode provider name : bytebuddy
2023-11-20T11:38:52.001+09:00  INFO 17678 --- [    Test worker] o.h.e.t.j.p.i.JtaPlatformInitiator       : HHH000490: Using JtaPlatform implementation: [org.hibernate.engine.transaction.jta.platform.internal.NoJtaPlatform]
2023-11-20T11:38:52.002+09:00  INFO 17678 --- [    Test worker] j.LocalContainerEntityManagerFactoryBean : Initialized JPA EntityManagerFactory for persistence unit 'default'
2023-11-20T11:38:52.536+09:00  WARN 17678 --- [    Test worker] JpaBaseConfiguration$JpaWebConfiguration : spring.jpa.open-in-view is enabled by default. Therefore, database queries may be performed during view rendering. Explicitly configure spring.jpa.open-in-view to disable this warning
2023-11-20T11:38:52.657+09:00  INFO 17678 --- [    Test worker] o.s.s.web.DefaultSecurityFilterChain     : Will secure any request with [org.springframework.security.web.session.DisableEncodeUrlFilter@52288c65, org.springframework.security.web.context.request.async.WebAsyncManagerIntegrationFilter@33ef393a, org.springframework.security.web.context.SecurityContextHolderFilter@4b89515b, org.springframework.security.web.header.HeaderWriterFilter@2ab1c7a9, org.springframework.web.filter.CorsFilter@6d18401b, org.springframework.security.web.authentication.logout.LogoutFilter@1b1d1558, com.dooho.board.filter.JwtAuthenticationFilter@25b83dce, org.springframework.security.web.savedrequest.RequestCacheAwareFilter@17e725fb, org.springframework.security.web.servletapi.SecurityContextHolderAwareRequestFilter@615bd28b, org.springframework.security.web.authentication.AnonymousAuthenticationFilter@1ebcfcf1, org.springframework.security.web.session.SessionManagementFilter@12921ee1, org.springframework.security.web.access.ExceptionTranslationFilter@570089c4, org.springframework.security.web.access.intercept.AuthorizationFilter@352a8183]
2023-11-20T11:38:52.796+09:00  INFO 17678 --- [    Test worker] com.dooho.board.BoardApplicationTests    : Started BoardApplicationTests in 2.179 seconds (process running for 2.818)
]]></system-out>
  <system-err><![CDATA[]]></system-err>
</testsuite>
